<?xml version="1.0" encoding="UTF-8"?>
<!-- Generated by org.testng.reporters.JUnitXMLReporter -->
<testsuite ignored="3" hostname="DESKTOP-67NGSJH" failures="1" tests="32" name="ParallelClasses" time="50.489" errors="0" timestamp="2026-01-02T14:44:02 IST">
  <testcase classname="com.automation.selenium.tests.input.InputPageTest" name="shouldClearInputField" time="0.456"/>
  <testcase classname="com.automation.selenium.tests.button.ButtonPageTest" name="shouldPerformLongPressOnButton" time="3.546"/>
  <testcase classname="com.automation.selenium.tests.input.InputPageTest" name="shouldEnterFullName" time="0.376"/>
  <testcase classname="com.automation.selenium.tests.frame.FramePageTest" name="shouldEnterEmailInsideInnerIframe" time="6.978"/>
  <testcase classname="com.automation.selenium.tests.input.InputPageTest" name="shouldAppendTextToInputField" time="0.362"/>
  <testcase classname="com.automation.selenium.tests.button.ButtonPageTest" name="shouldFetchXAndYPositionOfButton" time="0.078"/>
  <testcase classname="com.automation.selenium.tests.input.InputPageTest" name="shouldGetTextFromDisabledField" time="0.634"/>
  <testcase classname="com.automation.selenium.tests.input.InputPageTest" name="shouldVerifyNonEditableField" time="6.15"/>
  <testcase classname="com.automation.selenium.tests.alert.AlertPageTest" name="shouldHandlePromptAlert" time="0.869"/>
  <testcase classname="com.automation.selenium.tests.button.ButtonPageTest" name="shouldNavigateToHomePageOnHomeButtonClick" time="0.868"/>
  <testcase classname="com.automation.selenium.tests.form.FormPageTest" name="testEmptyFirstName" time="5.667"/>
  <testcase classname="com.automation.selenium.tests.frame.FramePageTest" name="shouldFillDetailsInsideIframe" time="0.652"/>
  <testcase classname="com.automation.selenium.tests.button.ButtonPageTest" name="shouldVerifyButtonBackgroundColor" time="0.082"/>
  <testcase classname="com.automation.selenium.tests.button.ButtonPageTest" name="shouldVerifyButtonDimensions" time="0.107"/>
  <testcase classname="com.automation.selenium.tests.alert.AlertPageTest" name="shouldHandleConfirmAlert" time="0.287"/>
  <testcase classname="com.automation.selenium.tests.alert.AlertPageTest" name="shouldHandleSimpleAlert" time="0.555"/>
  <testcase classname="com.automation.selenium.tests.form.FormPageTest" name="dataDrivenTestDevelopment" time="7.611"/>
  <testcase classname="com.automation.selenium.tests.alert.AlertPageTest" name="shouldHandleModernAlertModal" time="0.633"/>
  <testcase classname="com.automation.selenium.tests.form.FormPageTest" name="dataDrivenTestDevelopment_JsonData" time="11.77"/>
  <testcase classname="com.automation.selenium.tests.form.FormPageTest" name="testPhoneNumberPattern_DemoFailedTestCase" time="5.68">
    <skipped/>
  </testcase> <!-- testPhoneNumberPattern_DemoFailedTestCase -->
  <testcase classname="com.automation.selenium.tests.form.FormPageTest" name="testPhoneNumberPattern" time="5.392"/>
  <testcase classname="com.automation.selenium.tests.form.FormPageTest" name="testInvalidEmail" time="5.037"/>
  <testcase classname="com.automation.selenium.tests.form.FormPageTest" name="testFormSubmission" time="6.619"/>
  <testcase classname="com.automation.selenium.tests.input.InputPageTest" name="shouldVerifyReadOnlyFieldValue" time="0.067"/>
  <testcase classname="com.automation.selenium.tests.select.SelectPageTest" name="shouldSelectFruitFromDropdown" time="1.766"/>
  <testcase classname="com.automation.selenium.tests.select.SelectPageTest" name="shouldSelectLanguageByIndex" time="1.089"/>
  <testcase classname="com.automation.selenium.tests.select.SelectPageTest" name="shouldVerifyAllCountryOptions" time="4.141"/>
  <testcase classname="com.automation.selenium.tests.select.SelectPageTest" name="shouldSelectLanguageByValue" time="0.221"/>
  <testcase classname="com.automation.selenium.tests.select.SelectPageTest" name="shouldSelectAndDeselectMultipleSuperheroes" time="6.06"/>
  <testcase classname="com.automation.selenium.tests.form.FormPageTest" name="testPhoneNumberPattern_DemoFailedTestCase" time="1.407">
    <failure type="java.lang.AssertionError" message="expected [Please match the format requested.Test] but found [Please match the format requested.]">
      <![CDATA[java.lang.AssertionError: expected [Please match the format requested.Test] but found [Please match the format requested.]
at com.automation.selenium.tests.form.FormPageTest.testPhoneNumberPattern_DemoFailedTestCase(FormPageTest.java:160)
at java.base/java.util.concurrent.ThreadPoolExecutor.runWorker(ThreadPoolExecutor.java:1144)
at java.base/java.util.concurrent.ThreadPoolExecutor$Worker.run(ThreadPoolExecutor.java:642)
at java.base/java.lang.Thread.run(Thread.java:1583)
... Removed 16 stack frames]]>
    </failure>
  </testcase> <!-- testPhoneNumberPattern_DemoFailedTestCase -->
  <testcase classname="com.automation.selenium.tests.form.FormPageTest" name="dataDrivenTestDevelopment" time="6.75"/>
  <testcase classname="com.automation.selenium.tests.form.FormPageTest" name="dataDrivenTestDevelopment_JsonData" time="3.59"/>
  <testcase classname="com.automation.selenium.tests.LoginTest" name="exampleTestCaseFirst" time="0.0">
    <ignored/>
  </testcase> <!-- exampleTestCaseFirst -->
  <testcase classname="com.automation.selenium.tests.button.ButtonPageTest" name="shouldVerifyDisabledButtonState" time="0.0">
    <ignored/>
  </testcase> <!-- shouldVerifyDisabledButtonState -->
  <testcase classname="com.automation.selenium.tests.LoginTest" name="exampleTestCaseSecond" time="0.0">
    <ignored/>
  </testcase> <!-- exampleTestCaseSecond -->
</testsuite> <!-- ParallelClasses -->
