<?xml version="1.0" encoding="UTF-8"?>
<!-- Generated by org.testng.reporters.JUnitXMLReporter -->
<testsuite ignored="2" hostname="DESKTOP-67NGSJH" failures="0" tests="21" name="ParallelClasses" time="32.499" errors="0" timestamp="2025-12-31T17:49:37 IST">
  <testcase classname="com.automation.selenium.tests.LoginTest" name="exampleTestCaseFirst" time="0.024"/>
  <testcase classname="com.automation.selenium.tests.input.InputPageTest" name="shouldVerifyNonEditableField" time="0.144"/>
  <testcase classname="com.automation.selenium.tests.input.InputPageTest" name="shouldGetTextFromDisabledField" time="0.185"/>
  <testcase classname="com.automation.selenium.tests.button.ButtonPageTest" name="shouldFetchXAndYPositionOfButton" time="0.076"/>
  <testcase classname="com.automation.selenium.tests.input.InputPageTest" name="shouldAppendTextToInputField" time="0.417"/>
  <testcase classname="com.automation.selenium.tests.button.ButtonPageTest" name="shouldVerifyButtonDimensions" time="0.117"/>
  <testcase classname="com.automation.selenium.tests.select.SelectPageTest" name="shouldSelectLanguageByIndex" time="2.84"/>
  <testcase classname="com.automation.selenium.tests.alert.AlertPageTest" name="shouldHandleConfirmAlert" time="0.465"/>
  <testcase classname="com.automation.selenium.tests.input.InputPageTest" name="shouldEnterFullName" time="0.27"/>
  <testcase classname="com.automation.selenium.tests.input.InputPageTest" name="shouldVerifyReadOnlyFieldValue" time="0.182"/>
  <testcase classname="com.automation.selenium.tests.alert.AlertPageTest" name="shouldHandleSimpleAlert" time="7.331"/>
  <testcase classname="com.automation.selenium.tests.input.InputPageTest" name="shouldClearInputField" time="0.25"/>
  <testcase classname="com.automation.selenium.tests.button.ButtonPageTest" name="shouldNavigateToHomePageOnHomeButtonClick" time="3.123"/>
  <testcase classname="com.automation.selenium.tests.button.ButtonPageTest" name="shouldVerifyButtonBackgroundColor" time="0.292"/>
  <testcase classname="com.automation.selenium.tests.select.SelectPageTest" name="shouldSelectFruitFromDropdown" time="2.551"/>
  <testcase classname="com.automation.selenium.tests.alert.AlertPageTest" name="shouldHandleModernAlertModal" time="1.54"/>
  <testcase classname="com.automation.selenium.tests.select.SelectPageTest" name="shouldSelectLanguageByValue" time="1.851"/>
  <testcase classname="com.automation.selenium.tests.select.SelectPageTest" name="shouldVerifyAllCountryOptions" time="1.443"/>
  <testcase classname="com.automation.selenium.tests.alert.AlertPageTest" name="shouldHandlePromptAlert" time="0.216"/>
  <testcase classname="com.automation.selenium.tests.button.ButtonPageTest" name="shouldPerformLongPressOnButton" time="3.479"/>
  <testcase classname="com.automation.selenium.tests.select.SelectPageTest" name="shouldSelectAndDeselectMultipleSuperheroes" time="6.485"/>
  <testcase classname="com.automation.selenium.tests.LoginTest" name="exampleTestCaseSecond" time="0.0">
    <ignored/>
  </testcase> <!-- exampleTestCaseSecond -->
  <testcase classname="com.automation.selenium.tests.button.ButtonPageTest" name="shouldVerifyDisabledButtonState" time="0.0">
    <ignored/>
  </testcase> <!-- shouldVerifyDisabledButtonState -->
</testsuite> <!-- ParallelClasses -->
