<!DOCTYPE html PUBLIC "-//W3C//DTD XHTML 1.1//EN" "https://www.w3.org/TR/xhtml11/DTD/xhtml11.dtd">
<html xmlns="https://www.w3.org/1999/xhtml">
<head>
<meta http-equiv="content-type" content="text/html; charset=UTF-8"/>
<title>TestNG Report</title>
<style type="text/css">table {margin-bottom:10px;border-collapse:collapse;empty-cells:show}th,td {border:1px solid #009;padding:.25em .5em}th {vertical-align:bottom}td {vertical-align:top}table a {font-weight:bold}.stripe td {background-color: #E6EBF9}.num {text-align:right}.passedodd td {background-color: #3F3}.passedeven td {background-color: #0A0}.skippedodd td {background-color: #DDD}.skippedeven td {background-color: #CCC}.failedodd td,.attn {background-color: #F33}.failedeven td,.stripe .attn {background-color: #D00}.stacktrace {white-space:pre;font-family:monospace}.totop {font-size:85%;text-align:center;border-bottom:2px solid #000}.invisible {display:none}</style>
</head>
<body>
<table>
<tr><th>Test</th><th># Passed</th><th># Skipped</th><th># Retried</th><th># Failed</th><th>Time (ms)</th><th>Included Groups</th><th>Excluded Groups</th></tr>
<tr><th colspan="8">Suite</th></tr>
<tr><td><a href="#t0">ParallelClasses</a></td><td class="num">30</td><td class="num">0</td><td class="num attn">1</td><td class="num attn">1</td><td class="num">50,489</td><td></td><td></td></tr>
</table>
<table id='summary'><thead><tr><th>Class</th><th>Method</th><th>Start</th><th>Time (ms)</th></tr></thead><tbody><tr><th colspan="4">Suite</th></tr></tbody><tbody id="t0"><tr><th colspan="4">ParallelClasses &#8212; failed</th></tr><tr class="failedeven"><td rowspan="1">com.automation.selenium.tests.form.FormPageTest</td><td><a href="#m0">testPhoneNumberPattern_DemoFailedTestCase</a></td><td rowspan="1">1767345238729</td><td rowspan="1">1407</td></tr><tr><th colspan="4">ParallelClasses &#8212; retried</th></tr><tr class="retriedeven"><td rowspan="1">com.automation.selenium.tests.form.FormPageTest</td><td><a href="#m1">testPhoneNumberPattern_DemoFailedTestCase</a></td><td rowspan="1">1767345216201</td><td rowspan="1">5680</td></tr><tr><th colspan="4">ParallelClasses &#8212; passed</th></tr><tr class="passedeven"><td rowspan="4">com.automation.selenium.tests.alert.AlertPageTest</td><td><a href="#m2">shouldHandleConfirmAlert</a></td><td rowspan="1">1767345217375</td><td rowspan="1">287</td></tr><tr class="passedeven"><td><a href="#m3">shouldHandleModernAlertModal</a></td><td rowspan="1">1767345219548</td><td rowspan="1">633</td></tr><tr class="passedeven"><td><a href="#m4">shouldHandlePromptAlert</a></td><td rowspan="1">1767345213230</td><td rowspan="1">869</td></tr><tr class="passedeven"><td><a href="#m5">shouldHandleSimpleAlert</a></td><td rowspan="1">1767345217316</td><td rowspan="1">555</td></tr><tr class="passedodd"><td rowspan="5">com.automation.selenium.tests.button.ButtonPageTest</td><td><a href="#m6">shouldFetchXAndYPositionOfButton</a></td><td rowspan="1">1767345207700</td><td rowspan="1">78</td></tr><tr class="passedodd"><td><a href="#m7">shouldNavigateToHomePageOnHomeButtonClick</a></td><td rowspan="1">1767345213272</td><td rowspan="1">868</td></tr><tr class="passedodd"><td><a href="#m8">shouldPerformLongPressOnButton</a></td><td rowspan="1">1767345201526</td><td rowspan="1">3546</td></tr><tr class="passedodd"><td><a href="#m9">shouldVerifyButtonBackgroundColor</a></td><td rowspan="1">1767345216372</td><td rowspan="1">82</td></tr><tr class="passedodd"><td><a href="#m10">shouldVerifyButtonDimensions</a></td><td rowspan="1">1767345217261</td><td rowspan="1">107</td></tr><tr class="passedeven"><td rowspan="8">com.automation.selenium.tests.form.FormPageTest</td><td><a href="#m11">dataDrivenTestDevelopment</a></td><td rowspan="2">1767345234643</td><td rowspan="2">6750</td></tr><tr class="passedeven"><td><a href="#m12">dataDrivenTestDevelopment</a></td></tr><tr class="passedeven"><td><a href="#m13">dataDrivenTestDevelopment_JsonData</a></td><td rowspan="2">1767345238397</td><td rowspan="2">3590</td></tr><tr class="passedeven"><td><a href="#m14">dataDrivenTestDevelopment_JsonData</a></td></tr><tr class="passedeven"><td><a href="#m15">testEmptyFirstName</a></td><td rowspan="1">1767345209005</td><td rowspan="1">5667</td></tr><tr class="passedeven"><td><a href="#m16">testFormSubmission</a></td><td rowspan="1">1767345219460</td><td rowspan="1">6619</td></tr><tr class="passedeven"><td><a href="#m17">testInvalidEmail</a></td><td rowspan="1">1767345218807</td><td rowspan="1">5037</td></tr><tr class="passedeven"><td><a href="#m18">testPhoneNumberPattern</a></td><td rowspan="1">1767345217104</td><td rowspan="1">5392</td></tr><tr class="passedodd"><td rowspan="2">com.automation.selenium.tests.frame.FramePageTest</td><td><a href="#m19">shouldEnterEmailInsideInnerIframe</a></td><td rowspan="1">1767345199101</td><td rowspan="1">6978</td></tr><tr class="passedodd"><td><a href="#m20">shouldFillDetailsInsideIframe</a></td><td rowspan="1">1767345215591</td><td rowspan="1">652</td></tr><tr class="passedeven"><td rowspan="6">com.automation.selenium.tests.input.InputPageTest</td><td><a href="#m21">shouldAppendTextToInputField</a></td><td rowspan="1">1767345206029</td><td rowspan="1">362</td></tr><tr class="passedeven"><td><a href="#m22">shouldClearInputField</a></td><td rowspan="1">1767345201133</td><td rowspan="1">456</td></tr><tr class="passedeven"><td><a href="#m23">shouldEnterFullName</a></td><td rowspan="1">1767345205001</td><td rowspan="1">376</td></tr><tr class="passedeven"><td><a href="#m24">shouldGetTextFromDisabledField</a></td><td rowspan="1">1767345210511</td><td rowspan="1">634</td></tr><tr class="passedeven"><td><a href="#m25">shouldVerifyNonEditableField</a></td><td rowspan="1">1767345205789</td><td rowspan="1">6150</td></tr><tr class="passedeven"><td><a href="#m26">shouldVerifyReadOnlyFieldValue</a></td><td rowspan="1">1767345229071</td><td rowspan="1">67</td></tr><tr class="passedodd"><td rowspan="5">com.automation.selenium.tests.select.SelectPageTest</td><td><a href="#m27">shouldSelectAndDeselectMultipleSuperheroes</a></td><td rowspan="1">1767345229084</td><td rowspan="1">6060</td></tr><tr class="passedodd"><td><a href="#m28">shouldSelectFruitFromDropdown</a></td><td rowspan="1">1767345229709</td><td rowspan="1">1766</td></tr><tr class="passedodd"><td><a href="#m29">shouldSelectLanguageByIndex</a></td><td rowspan="1">1767345231519</td><td rowspan="1">1089</td></tr><tr class="passedodd"><td><a href="#m30">shouldSelectLanguageByValue</a></td><td rowspan="1">1767345232940</td><td rowspan="1">221</td></tr><tr class="passedodd"><td><a href="#m31">shouldVerifyAllCountryOptions</a></td><td rowspan="1">1767345228629</td><td rowspan="1">4141</td></tr></tbody>
</table>
<h2>ParallelClasses</h2><h3 id="m0">com.automation.selenium.tests.form.FormPageTest#testPhoneNumberPattern_DemoFailedTestCase</h3><table class="result"><tr><th>Exception</th></tr><tr><td><div class="stacktrace">java.lang.AssertionError: expected [Please match the format requested.Test] but found [Please match the format requested.]
	at com.automation.selenium.tests.form.FormPageTest.testPhoneNumberPattern_DemoFailedTestCase(FormPageTest.java:160)
	at java.base/java.util.concurrent.ThreadPoolExecutor.runWorker(ThreadPoolExecutor.java:1144)
	at java.base/java.util.concurrent.ThreadPoolExecutor$Worker.run(ThreadPoolExecutor.java:642)
	at java.base/java.lang.Thread.run(Thread.java:1583)
... Removed 16 stack frames</div></td></tr></table><p class="totop"><a href="#summary">back to summary</a></p>
<h3 id="m1">com.automation.selenium.tests.form.FormPageTest#testPhoneNumberPattern_DemoFailedTestCase</h3><table class="result"><tr><th>Exception</th></tr><tr><td><div class="stacktrace">java.lang.AssertionError: expected [Please match the format requested.Test] but found [Please match the format requested.]
	at com.automation.selenium.tests.form.FormPageTest.testPhoneNumberPattern_DemoFailedTestCase(FormPageTest.java:160)
	at java.base/java.util.concurrent.ThreadPoolExecutor.runWorker(ThreadPoolExecutor.java:1144)
	at java.base/java.util.concurrent.ThreadPoolExecutor$Worker.run(ThreadPoolExecutor.java:642)
	at java.base/java.lang.Thread.run(Thread.java:1583)
... Removed 16 stack frames</div></td></tr></table><p class="totop"><a href="#summary">back to summary</a></p>
<h3 id="m2">com.automation.selenium.tests.alert.AlertPageTest#shouldHandleConfirmAlert</h3><table class="result"><tr><th class="invisible"/></tr></table><p class="totop"><a href="#summary">back to summary</a></p>
<h3 id="m3">com.automation.selenium.tests.alert.AlertPageTest#shouldHandleModernAlertModal</h3><table class="result"><tr><th class="invisible"/></tr></table><p class="totop"><a href="#summary">back to summary</a></p>
<h3 id="m4">com.automation.selenium.tests.alert.AlertPageTest#shouldHandlePromptAlert</h3><table class="result"><tr><th class="invisible"/></tr></table><p class="totop"><a href="#summary">back to summary</a></p>
<h3 id="m5">com.automation.selenium.tests.alert.AlertPageTest#shouldHandleSimpleAlert</h3><table class="result"><tr><th class="invisible"/></tr></table><p class="totop"><a href="#summary">back to summary</a></p>
<h3 id="m6">com.automation.selenium.tests.button.ButtonPageTest#shouldFetchXAndYPositionOfButton</h3><table class="result"><tr><th class="invisible"/></tr></table><p class="totop"><a href="#summary">back to summary</a></p>
<h3 id="m7">com.automation.selenium.tests.button.ButtonPageTest#shouldNavigateToHomePageOnHomeButtonClick</h3><table class="result"><tr><th class="invisible"/></tr></table><p class="totop"><a href="#summary">back to summary</a></p>
<h3 id="m8">com.automation.selenium.tests.button.ButtonPageTest#shouldPerformLongPressOnButton</h3><table class="result"><tr><th class="invisible"/></tr></table><p class="totop"><a href="#summary">back to summary</a></p>
<h3 id="m9">com.automation.selenium.tests.button.ButtonPageTest#shouldVerifyButtonBackgroundColor</h3><table class="result"><tr><th class="invisible"/></tr></table><p class="totop"><a href="#summary">back to summary</a></p>
<h3 id="m10">com.automation.selenium.tests.button.ButtonPageTest#shouldVerifyButtonDimensions</h3><table class="result"><tr><th class="invisible"/></tr></table><p class="totop"><a href="#summary">back to summary</a></p>
<h3 id="m11">com.automation.selenium.tests.form.FormPageTest#dataDrivenTestDevelopment</h3><table class="result"><tr class="param"><th>Parameter #1</th><th>Parameter #2</th></tr><tr class="param stripe"><td>Jay</td><td>Panchal</td></tr></table><p class="totop"><a href="#summary">back to summary</a></p>
<h3 id="m12">com.automation.selenium.tests.form.FormPageTest#dataDrivenTestDevelopment</h3><table class="result"><tr class="param"><th>Parameter #1</th><th>Parameter #2</th></tr><tr class="param stripe"><td>Bhargav</td><td>Gohil</td></tr></table><p class="totop"><a href="#summary">back to summary</a></p>
<h3 id="m13">com.automation.selenium.tests.form.FormPageTest#dataDrivenTestDevelopment_JsonData</h3><table class="result"><tr class="param"><th>Parameter #1</th></tr><tr class="param stripe"><td>{&quot;firstName&quot;:&quot;Rajesh&quot;,&quot;lastName&quot;:&quot;Patel&quot;,&quot;email&quot;:&quot;john.doe@example.com&quot;,&quot;countryCode&quot;:&quot;91&quot;,&quot;phone&quot;:&quot;9876543210&quot;,&quot;address1&quot;:&quot;456 Elm St&quot;,&quot;address2&quot;:&quot;Flat 2A&quot;,&quot;state&quot;:&quot;CA&quot;,&quot;postalCode&quot;:&quot;90001&quot;,&quot;country&quot;:&quot;India&quot;,&quot;dob&quot;:&quot;1992-05-10&quot;,&quot;gender&quot;:&quot;male&quot;}</td></tr></table><p class="totop"><a href="#summary">back to summary</a></p>
<h3 id="m14">com.automation.selenium.tests.form.FormPageTest#dataDrivenTestDevelopment_JsonData</h3><table class="result"><tr class="param"><th>Parameter #1</th></tr><tr class="param stripe"><td>{&quot;firstName&quot;:&quot;Rahul&quot;,&quot;lastName&quot;:&quot;Gohil&quot;,&quot;email&quot;:&quot;bhargav@mail.com&quot;,&quot;countryCode&quot;:&quot;91&quot;,&quot;phone&quot;:&quot;1234567890&quot;,&quot;address1&quot;:&quot;123 Main St&quot;,&quot;address2&quot;:&quot;Apt 4B&quot;,&quot;state&quot;:&quot;NY&quot;,&quot;postalCode&quot;:&quot;10001&quot;,&quot;country&quot;:&quot;India&quot;,&quot;dob&quot;:&quot;1990-01-01&quot;,&quot;gender&quot;:&quot;male&quot;}</td></tr></table><p class="totop"><a href="#summary">back to summary</a></p>
<h3 id="m15">com.automation.selenium.tests.form.FormPageTest#testEmptyFirstName</h3><table class="result"><tr><th class="invisible"/></tr></table><p class="totop"><a href="#summary">back to summary</a></p>
<h3 id="m16">com.automation.selenium.tests.form.FormPageTest#testFormSubmission</h3><table class="result"><tr><th class="invisible"/></tr></table><p class="totop"><a href="#summary">back to summary</a></p>
<h3 id="m17">com.automation.selenium.tests.form.FormPageTest#testInvalidEmail</h3><table class="result"><tr><th class="invisible"/></tr></table><p class="totop"><a href="#summary">back to summary</a></p>
<h3 id="m18">com.automation.selenium.tests.form.FormPageTest#testPhoneNumberPattern</h3><table class="result"><tr><th class="invisible"/></tr></table><p class="totop"><a href="#summary">back to summary</a></p>
<h3 id="m19">com.automation.selenium.tests.frame.FramePageTest#shouldEnterEmailInsideInnerIframe</h3><table class="result"><tr><th class="invisible"/></tr></table><p class="totop"><a href="#summary">back to summary</a></p>
<h3 id="m20">com.automation.selenium.tests.frame.FramePageTest#shouldFillDetailsInsideIframe</h3><table class="result"><tr><th class="invisible"/></tr></table><p class="totop"><a href="#summary">back to summary</a></p>
<h3 id="m21">com.automation.selenium.tests.input.InputPageTest#shouldAppendTextToInputField</h3><table class="result"><tr><th class="invisible"/></tr></table><p class="totop"><a href="#summary">back to summary</a></p>
<h3 id="m22">com.automation.selenium.tests.input.InputPageTest#shouldClearInputField</h3><table class="result"><tr><th class="invisible"/></tr></table><p class="totop"><a href="#summary">back to summary</a></p>
<h3 id="m23">com.automation.selenium.tests.input.InputPageTest#shouldEnterFullName</h3><table class="result"><tr><th class="invisible"/></tr></table><p class="totop"><a href="#summary">back to summary</a></p>
<h3 id="m24">com.automation.selenium.tests.input.InputPageTest#shouldGetTextFromDisabledField</h3><table class="result"><tr><th class="invisible"/></tr></table><p class="totop"><a href="#summary">back to summary</a></p>
<h3 id="m25">com.automation.selenium.tests.input.InputPageTest#shouldVerifyNonEditableField</h3><table class="result"><tr><th class="invisible"/></tr></table><p class="totop"><a href="#summary">back to summary</a></p>
<h3 id="m26">com.automation.selenium.tests.input.InputPageTest#shouldVerifyReadOnlyFieldValue</h3><table class="result"><tr><th class="invisible"/></tr></table><p class="totop"><a href="#summary">back to summary</a></p>
<h3 id="m27">com.automation.selenium.tests.select.SelectPageTest#shouldSelectAndDeselectMultipleSuperheroes</h3><table class="result"><tr><th class="invisible"/></tr></table><p class="totop"><a href="#summary">back to summary</a></p>
<h3 id="m28">com.automation.selenium.tests.select.SelectPageTest#shouldSelectFruitFromDropdown</h3><table class="result"><tr><th class="invisible"/></tr></table><p class="totop"><a href="#summary">back to summary</a></p>
<h3 id="m29">com.automation.selenium.tests.select.SelectPageTest#shouldSelectLanguageByIndex</h3><table class="result"><tr><th class="invisible"/></tr></table><p class="totop"><a href="#summary">back to summary</a></p>
<h3 id="m30">com.automation.selenium.tests.select.SelectPageTest#shouldSelectLanguageByValue</h3><table class="result"><tr><th class="invisible"/></tr></table><p class="totop"><a href="#summary">back to summary</a></p>
<h3 id="m31">com.automation.selenium.tests.select.SelectPageTest#shouldVerifyAllCountryOptions</h3><table class="result"><tr><th class="invisible"/></tr></table><p class="totop"><a href="#summary">back to summary</a></p>
</body>
</html>
