<?xml version="1.0" encoding="UTF-8"?>
<testsuite xmlns:xsi="http://www.w3.org/2001/XMLSchema-instance" xsi:noNamespaceSchemaLocation="https://maven.apache.org/surefire/maven-surefire-plugin/xsd/surefire-test-report.xsd" version="3.0.2" name="TestSuite" time="35.412" tests="21" errors="0" skipped="0" failures="0">
  <properties>
[...]
</properties>
  <testcase name="exampleTestCaseFirst" classname="com.automation.selenium.tests.LoginTest" time="0.014">
    <system-err><![CDATA[Dec 31, 2025 5:49:05 PM org.openqa.selenium.remote.tracing.opentelemetry.OpenTelemetryTracer createTracer
INFO: Using OpenTelemetry for tracing
]]></system-err>
  </testcase>
  <testcase name="shouldGetTextFromDisabledField" classname="com.automation.selenium.tests.input.InputPageTest" time="0.144"/>
  <testcase name="shouldVerifyNonEditableField" classname="com.automation.selenium.tests.input.InputPageTest" time="0.144"/>
  <testcase name="shouldAppendTextToInputField" classname="com.automation.selenium.tests.input.InputPageTest" time="0.068"/>
  <testcase name="shouldEnterFullName" classname="com.automation.selenium.tests.input.InputPageTest" time="0.099"/>
  <testcase name="shouldVerifyReadOnlyFieldValue" classname="com.automation.selenium.tests.input.InputPageTest" time="0.181"/>
  <testcase name="shouldClearInputField" classname="com.automation.selenium.tests.input.InputPageTest" time="0.073"/>
  <testcase name="shouldFetchXAndYPositionOfButton" classname="com.automation.selenium.tests.button.ButtonPageTest" time="0.025"/>
  <testcase name="shouldVerifyButtonDimensions" classname="com.automation.selenium.tests.button.ButtonPageTest" time="0.117"/>
  <testcase name="shouldNavigateToHomePageOnHomeButtonClick" classname="com.automation.selenium.tests.button.ButtonPageTest" time="0.146"/>
  <testcase name="shouldVerifyButtonBackgroundColor" classname="com.automation.selenium.tests.button.ButtonPageTest" time="0.292"/>
  <testcase name="shouldPerformLongPressOnButton" classname="com.automation.selenium.tests.button.ButtonPageTest" time="1.561"/>
  <testcase name="shouldSelectLanguageByIndex" classname="com.automation.selenium.tests.select.SelectPageTest" time="0.151"/>
  <testcase name="shouldSelectFruitFromDropdown" classname="com.automation.selenium.tests.select.SelectPageTest" time="0.379"/>
  <testcase name="shouldSelectLanguageByValue" classname="com.automation.selenium.tests.select.SelectPageTest" time="0.528"/>
  <testcase name="shouldVerifyAllCountryOptions" classname="com.automation.selenium.tests.select.SelectPageTest" time="0.566"/>
  <testcase name="shouldSelectAndDeselectMultipleSuperheroes" classname="com.automation.selenium.tests.select.SelectPageTest" time="4.959"/>
  <testcase name="shouldHandleConfirmAlert" classname="com.automation.selenium.tests.alert.AlertPageTest" time="0.094"/>
  <testcase name="shouldHandleSimpleAlert" classname="com.automation.selenium.tests.alert.AlertPageTest" time="0.031"/>
  <testcase name="shouldHandleModernAlertModal" classname="com.automation.selenium.tests.alert.AlertPageTest" time="0.406"/>
  <testcase name="shouldHandlePromptAlert" classname="com.automation.selenium.tests.alert.AlertPageTest" time="0.217"/>
</testsuite>