<?xml version="1.0" encoding="UTF-8"?>
<!-- Generated by org.testng.reporters.JUnitReportReporter -->
<testsuite hostname="DESKTOP-67NGSJH" failures="0" tests="4" name="com.automation.selenium.tests.alert.AlertPageTest" time="141.626" errors="0" timestamp="2026-01-02T14:44:03 IST" skipped="0">
  <testcase classname="com.automation.selenium.tests.alert.AlertPageTest" name="shouldHandleSimpleAlert" time="39.479"/>
  <testcase classname="com.automation.selenium.tests.alert.AlertPageTest" name="shouldHandleConfirmAlert" time="36.264"/>
  <testcase classname="com.automation.selenium.tests.alert.AlertPageTest" name="shouldHandleModernAlertModal" time="35.017"/>
  <testcase classname="com.automation.selenium.tests.alert.AlertPageTest" name="shouldHandlePromptAlert" time="30.866"/>
</testsuite> <!-- com.automation.selenium.tests.alert.AlertPageTest -->
