<?xml version="1.0" encoding="UTF-8"?>
<!-- Generated by org.testng.reporters.JUnitReportReporter -->
<testsuite hostname="DESKTOP-67NGSJH" failures="0" tests="6" name="com.automation.selenium.tests.input.InputPageTest" time="148.061" errors="0" timestamp="2026-01-02T14:44:03 IST" skipped="0">
  <testcase classname="com.automation.selenium.tests.input.InputPageTest" name="shouldAppendTextToInputField" time="22.601"/>
  <testcase classname="com.automation.selenium.tests.input.InputPageTest" name="shouldVerifyReadOnlyFieldValue" time="19.039"/>
  <testcase classname="com.automation.selenium.tests.input.InputPageTest" name="shouldClearInputField" time="26.577"/>
  <testcase classname="com.automation.selenium.tests.input.InputPageTest" name="shouldVerifyNonEditableField" time="31.459"/>
  <testcase classname="com.automation.selenium.tests.input.InputPageTest" name="shouldGetTextFromDisabledField" time="22.521"/>
  <testcase classname="com.automation.selenium.tests.input.InputPageTest" name="shouldEnterFullName" time="25.864"/>
</testsuite> <!-- com.automation.selenium.tests.input.InputPageTest -->
