<?xml version="1.0" encoding="UTF-8"?>
<!-- Generated by org.testng.reporters.JUnitReportReporter -->
<testsuite hostname="DESKTOP-67NGSJH" failures="0" tests="5" name="com.automation.selenium.tests.select.SelectPageTest" time="148.942" errors="0" timestamp="2025-12-31T17:49:38 IST" skipped="0">
  <testcase classname="com.automation.selenium.tests.select.SelectPageTest" name="shouldSelectFruitFromDropdown" time="28.221"/>
  <testcase classname="com.automation.selenium.tests.select.SelectPageTest" name="shouldSelectLanguageByValue" time="22.085"/>
  <testcase classname="com.automation.selenium.tests.select.SelectPageTest" name="shouldVerifyAllCountryOptions" time="28.655"/>
  <testcase classname="com.automation.selenium.tests.select.SelectPageTest" name="shouldSelectLanguageByIndex" time="32.860"/>
  <testcase classname="com.automation.selenium.tests.select.SelectPageTest" name="shouldSelectAndDeselectMultipleSuperheroes" time="37.121"/>
</testsuite> <!-- com.automation.selenium.tests.select.SelectPageTest -->
