<?xml version="1.0" encoding="UTF-8"?>
<!-- Generated by org.testng.reporters.JUnitReportReporter -->
<testsuite hostname="DESKTOP-67NGSJH" failures="0" tests="2" name="com.automation.selenium.tests.LoginTest" time="21.647" errors="0" timestamp="2025-12-31T17:49:38 IST" skipped="1">
  <testcase classname="com.automation.selenium.tests.LoginTest" name="exampleTestCaseFirst" time="21.647"/>
  <testcase classname="com.automation.selenium.tests.LoginTest" name="exampleTestCaseSecond">
    <skipped/>
  </testcase> <!-- exampleTestCaseSecond -->
</testsuite> <!-- com.automation.selenium.tests.LoginTest -->
