<?xml version="1.0" encoding="UTF-8"?>
<!-- Generated by org.testng.reporters.JUnitReportReporter -->
<testsuite hostname="DESKTOP-67NGSJH" failures="0" tests="5" name="com.automation.selenium.tests.select.SelectPageTest" time="86.298" errors="0" timestamp="2026-01-02T14:44:03 IST" skipped="0">
  <testcase classname="com.automation.selenium.tests.select.SelectPageTest" name="shouldSelectFruitFromDropdown" time="13.796"/>
  <testcase classname="com.automation.selenium.tests.select.SelectPageTest" name="shouldSelectAndDeselectMultipleSuperheroes" time="20.315"/>
  <testcase classname="com.automation.selenium.tests.select.SelectPageTest" name="shouldSelectLanguageByValue" time="14.244"/>
  <testcase classname="com.automation.selenium.tests.select.SelectPageTest" name="shouldSelectLanguageByIndex" time="17.358"/>
  <testcase classname="com.automation.selenium.tests.select.SelectPageTest" name="shouldVerifyAllCountryOptions" time="20.585"/>
</testsuite> <!-- com.automation.selenium.tests.select.SelectPageTest -->
