<?xml version="1.0" encoding="UTF-8"?>
<!-- Generated by org.testng.reporters.JUnitReportReporter -->
<testsuite hostname="DESKTOP-67NGSJH" failures="0" tests="6" name="com.automation.selenium.tests.button.ButtonPageTest" time="145.101" errors="0" timestamp="2025-12-31T17:49:38 IST" skipped="1">
  <testcase classname="com.automation.selenium.tests.button.ButtonPageTest" name="shouldFetchXAndYPositionOfButton" time="24.750"/>
  <testcase classname="com.automation.selenium.tests.button.ButtonPageTest" name="shouldPerformLongPressOnButton" time="28.631"/>
  <testcase classname="com.automation.selenium.tests.button.ButtonPageTest" name="shouldVerifyButtonDimensions" time="27.760"/>
  <testcase classname="com.automation.selenium.tests.button.ButtonPageTest" name="shouldVerifyButtonBackgroundColor" time="35.577"/>
  <testcase classname="com.automation.selenium.tests.button.ButtonPageTest" name="shouldNavigateToHomePageOnHomeButtonClick" time="28.383"/>
  <testcase classname="com.automation.selenium.tests.button.ButtonPageTest" name="shouldVerifyDisabledButtonState">
    <skipped/>
  </testcase> <!-- shouldVerifyDisabledButtonState -->
</testsuite> <!-- com.automation.selenium.tests.button.ButtonPageTest -->
