<?xml version="1.0" encoding="UTF-8"?>
<!-- Generated by org.testng.reporters.JUnitReportReporter -->
<testsuite hostname="DESKTOP-67NGSJH" failures="0" tests="6" name="com.automation.selenium.tests.button.ButtonPageTest" time="150.867" errors="0" timestamp="2026-01-02T14:44:03 IST" skipped="1">
  <testcase classname="com.automation.selenium.tests.button.ButtonPageTest" name="shouldVerifyButtonDimensions" time="32.516"/>
  <testcase classname="com.automation.selenium.tests.button.ButtonPageTest" name="shouldFetchXAndYPositionOfButton" time="26.410"/>
  <testcase classname="com.automation.selenium.tests.button.ButtonPageTest" name="shouldVerifyButtonBackgroundColor" time="34.801"/>
  <testcase classname="com.automation.selenium.tests.button.ButtonPageTest" name="shouldNavigateToHomePageOnHomeButtonClick" time="21.369"/>
  <testcase classname="com.automation.selenium.tests.button.ButtonPageTest" name="shouldPerformLongPressOnButton" time="35.771"/>
  <testcase classname="com.automation.selenium.tests.button.ButtonPageTest" name="shouldVerifyDisabledButtonState">
    <skipped/>
  </testcase> <!-- shouldVerifyDisabledButtonState -->
</testsuite> <!-- com.automation.selenium.tests.button.ButtonPageTest -->
