<?xml version="1.0" encoding="UTF-8"?>
<!-- Generated by org.testng.reporters.JUnitReportReporter -->
<testsuite hostname="DESKTOP-67NGSJH" failures="0" tests="4" name="com.automation.selenium.tests.alert.AlertPageTest" time="115.530" errors="0" timestamp="2025-12-31T17:49:38 IST" skipped="0">
  <testcase classname="com.automation.selenium.tests.alert.AlertPageTest" name="shouldHandleSimpleAlert" time="26.516"/>
  <testcase classname="com.automation.selenium.tests.alert.AlertPageTest" name="shouldHandleModernAlertModal" time="29.396"/>
  <testcase classname="com.automation.selenium.tests.alert.AlertPageTest" name="shouldHandlePromptAlert" time="30.204"/>
  <testcase classname="com.automation.selenium.tests.alert.AlertPageTest" name="shouldHandleConfirmAlert" time="29.414"/>
</testsuite> <!-- com.automation.selenium.tests.alert.AlertPageTest -->
