<?xml version="1.0" encoding="UTF-8"?>
<!-- Generated by org.testng.reporters.JUnitReportReporter -->
<testsuite hostname="DESKTOP-67NGSJH" failures="0" tests="6" name="com.automation.selenium.tests.input.InputPageTest" time="170.624" errors="0" timestamp="2025-12-31T17:49:38 IST" skipped="0">
  <testcase classname="com.automation.selenium.tests.input.InputPageTest" name="shouldAppendTextToInputField" time="28.799"/>
  <testcase classname="com.automation.selenium.tests.input.InputPageTest" name="shouldVerifyNonEditableField" time="35.417"/>
  <testcase classname="com.automation.selenium.tests.input.InputPageTest" name="shouldClearInputField" time="19.741"/>
  <testcase classname="com.automation.selenium.tests.input.InputPageTest" name="shouldVerifyReadOnlyFieldValue" time="29.941"/>
  <testcase classname="com.automation.selenium.tests.input.InputPageTest" name="shouldEnterFullName" time="26.353"/>
  <testcase classname="com.automation.selenium.tests.input.InputPageTest" name="shouldGetTextFromDisabledField" time="30.373"/>
</testsuite> <!-- com.automation.selenium.tests.input.InputPageTest -->
